{"/Users/a10378/Documents/vuild/vuild/lism/src/components/DelayedFallback/DelayedFallback.tsx": {"path":"/Users/a10378/Documents/vuild/vuild/lism/src/components/DelayedFallback/DelayedFallback.tsx","statementMap":{"0":{"start":{"line":1,"column":0},"end":{"line":1,"column":41}},"1":{"start":{"line":2,"column":0},"end":{"line":2,"column":64}},"2":{"start":{"line":12,"column":24},"end":{"line":20,"column":1}},"3":{"start":{"line":13,"column":10},"end":{"line":13,"column":null}},"4":{"start":{"line":14,"column":2},"end":{"line":14,"column":17}},"5":{"start":{"line":14,"column":17},"end":{"line":14,"column":null}},"6":{"start":{"line":15,"column":10},"end":{"line":15,"column":null}},"7":{"start":{"line":16,"column":2},"end":{"line":16,"column":15}},"8":{"start":{"line":16,"column":15},"end":{"line":16,"column":null}},"9":{"start":{"line":18,"column":26},"end":{"line":18,"column":59}},"10":{"start":{"line":19,"column":2},"end":{"line":19,"column":77}},"11":{"start":{"line":19,"column":67},"end":{"line":19,"column":76}},"12":{"start":{"line":22,"column":0},"end":{"line":22,"column":31}}},"fnMap":{"0":{"name":"(anonymous_1)","decl":{"start":{"line":12,"column":24},"end":{"line":12,"column":25}},"loc":{"start":{"line":17,"column":12},"end":{"line":20,"column":1}}},"1":{"name":"(anonymous_2)","decl":{"start":{"line":19,"column":61},"end":{"line":19,"column":67}},"loc":{"start":{"line":19,"column":61},"end":{"line":19,"column":75}}}},"branchMap":{"0":{"loc":{"start":{"line":14,"column":17},"end":{"line":14,"column":null}},"type":"cond-expr","locations":[{"start":{"line":14,"column":20},"end":{"line":14,"column":25}},{"start":{"line":14,"column":25},"end":{"line":14,"column":null}}]},"1":{"loc":{"start":{"line":16,"column":15},"end":{"line":16,"column":null}},"type":"cond-expr","locations":[{"start":{"line":16,"column":18},"end":{"line":16,"column":21}},{"start":{"line":16,"column":21},"end":{"line":16,"column":null}}]},"2":{"loc":{"start":{"line":19,"column":9},"end":{"line":19,"column":76}},"type":"cond-expr","locations":[{"start":{"line":19,"column":27},"end":{"line":19,"column":42}},{"start":{"line":19,"column":45},"end":{"line":19,"column":76}}]}},"s":{"0":1,"1":1,"2":1,"3":3,"4":3,"5":3,"6":3,"7":3,"8":3,"9":3,"10":3,"11":1,"12":1},"f":{"0":3,"1":1},"b":{"0":[0,3],"1":[1,2],"2":[1,2]}}
,"/Users/a10378/Documents/vuild/vuild/lism/src/hooks/useDebounce.ts": {"path":"/Users/a10378/Documents/vuild/vuild/lism/src/hooks/useDebounce.ts","statementMap":{"0":{"start":{"line":1,"column":0},"end":{"line":1,"column":44}},"1":{"start":{"line":13,"column":20},"end":{"line":28,"column":1}},"2":{"start":{"line":14,"column":36},"end":{"line":14,"column":75}},"3":{"start":{"line":14,"column":18},"end":{"line":14,"column":20}},"4":{"start":{"line":14,"column":32},"end":{"line":14,"column":36}},"5":{"start":{"line":16,"column":2},"end":{"line":18,"column":25}},"6":{"start":{"line":17,"column":4},"end":{"line":17,"column":41}},"7":{"start":{"line":17,"column":17},"end":{"line":17,"column":41}},"8":{"start":{"line":20,"column":19},"end":{"line":26,"column":3}},"9":{"start":{"line":21,"column":24},"end":{"line":23,"column":13}},"10":{"start":{"line":22,"column":6},"end":{"line":22,"column":26}},"11":{"start":{"line":25,"column":4},"end":{"line":25,"column":22}},"12":{"start":{"line":27,"column":2},"end":{"line":27,"column":18}},"13":{"start":{"line":30,"column":0},"end":{"line":30,"column":27}}},"fnMap":{"0":{"name":"(anonymous_0)","decl":{"start":{"line":13,"column":20},"end":{"line":13,"column":21}},"loc":{"start":{"line":13,"column":34},"end":{"line":28,"column":1}}},"1":{"name":"(anonymous_1)","decl":{"start":{"line":16,"column":12},"end":{"line":16,"column":null}},"loc":{"start":{"line":16,"column":12},"end":{"line":18,"column":3}}},"2":{"name":"(anonymous_2)","decl":{"start":{"line":17,"column":11},"end":{"line":17,"column":17}},"loc":{"start":{"line":17,"column":11},"end":{"line":17,"column":29}}},"3":{"name":"(anonymous_3)","decl":{"start":{"line":20,"column":19},"end":{"line":20,"column":20}},"loc":{"start":{"line":20,"column":40},"end":{"line":26,"column":3}}},"4":{"name":"(anonymous_4)","decl":{"start":{"line":21,"column":42},"end":{"line":21,"column":null}},"loc":{"start":{"line":21,"column":42},"end":{"line":23,"column":5}}}},"branchMap":{},"s":{"0":1,"1":1,"2":7,"3":7,"4":7,"5":7,"6":7,"7":7,"8":7,"9":4,"10":2,"11":4,"12":7,"13":1},"f":{"0":7,"1":7,"2":7,"3":4,"4":2},"b":{}}
,"/Users/a10378/Documents/vuild/vuild/lism/src/hooks/useDelayedCallback.ts": {"path":"/Users/a10378/Documents/vuild/vuild/lism/src/hooks/useDelayedCallback.ts","statementMap":{"0":{"start":{"line":1,"column":0},"end":{"line":1,"column":44}},"1":{"start":{"line":13,"column":27},"end":{"line":26,"column":1}},"2":{"start":{"line":16,"column":36},"end":{"line":16,"column":59}},"3":{"start":{"line":16,"column":18},"end":{"line":16,"column":20}},"4":{"start":{"line":16,"column":32},"end":{"line":16,"column":36}},"5":{"start":{"line":18,"column":2},"end":{"line":21,"column":14}},"6":{"start":{"line":19,"column":22},"end":{"line":19,"column":66}},"7":{"start":{"line":19,"column":39},"end":{"line":19,"column":60}},"8":{"start":{"line":20,"column":4},"end":{"line":20,"column":41}},"9":{"start":{"line":20,"column":17},"end":{"line":20,"column":41}},"10":{"start":{"line":23,"column":26},"end":{"line":24,"column":5}},"11":{"start":{"line":24,"column":4},"end":{"line":24,"column":39}},"12":{"start":{"line":25,"column":2},"end":{"line":25,"column":25}},"13":{"start":{"line":28,"column":0},"end":{"line":28,"column":34}}},"fnMap":{"0":{"name":"(anonymous_0)","decl":{"start":{"line":13,"column":27},"end":{"line":13,"column":null}},"loc":{"start":{"line":14,"column":15},"end":{"line":26,"column":1}}},"1":{"name":"(anonymous_1)","decl":{"start":{"line":18,"column":12},"end":{"line":18,"column":null}},"loc":{"start":{"line":18,"column":12},"end":{"line":21,"column":3}}},"2":{"name":"(anonymous_2)","decl":{"start":{"line":19,"column":33},"end":{"line":19,"column":39}},"loc":{"start":{"line":19,"column":33},"end":{"line":19,"column":51}}},"3":{"name":"(anonymous_3)","decl":{"start":{"line":20,"column":11},"end":{"line":20,"column":17}},"loc":{"start":{"line":20,"column":11},"end":{"line":20,"column":29}}},"4":{"name":"(anonymous_4)","decl":{"start":{"line":23,"column":26},"end":{"line":23,"column":27}},"loc":{"start":{"line":23,"column":47},"end":{"line":24,"column":5}}}},"branchMap":{"0":{"loc":{"start":{"line":24,"column":4},"end":{"line":24,"column":38}},"type":"binary-expr","locations":[{"start":{"line":24,"column":4},"end":{"line":24,"column":14}},{"start":{"line":24,"column":18},"end":{"line":24,"column":38}}]}},"s":{"0":2,"1":2,"2":6,"3":6,"4":6,"5":6,"6":4,"7":2,"8":4,"9":4,"10":6,"11":4,"12":6,"13":2},"f":{"0":6,"1":4,"2":2,"3":4,"4":4},"b":{"0":[4,2]}}
,"/Users/a10378/Documents/vuild/vuild/lism/src/utils/common.ts": {"path":"/Users/a10378/Documents/vuild/vuild/lism/src/utils/common.ts","statementMap":{"0":{"start":{"line":15,"column":2},"end":{"line":15,"column":62}},"1":{"start":{"line":15,"column":49},"end":{"line":15,"column":62}},"2":{"start":{"line":16,"column":2},"end":{"line":16,"column":14}},"3":{"start":{"line":14,"column":0},"end":{"line":14,"column":16}},"4":{"start":{"line":30,"column":30},"end":{"line":30,"column":61}},"5":{"start":{"line":31,"column":2},"end":{"line":34,"column":null}},"6":{"start":{"line":31,"column":21},"end":{"line":31,"column":30}},"7":{"start":{"line":31,"column":17},"end":{"line":31,"column":21}},"8":{"start":{"line":32,"column":28},"end":{"line":32,"column":45}},"9":{"start":{"line":33,"column":4},"end":{"line":33,"column":62}},"10":{"start":{"line":33,"column":44},"end":{"line":33,"column":62}},"11":{"start":{"line":36,"column":2},"end":{"line":36,"column":28}},"12":{"start":{"line":28,"column":0},"end":{"line":28,"column":16}}},"fnMap":{"0":{"name":"isDefined","decl":{"start":{"line":14,"column":16},"end":{"line":14,"column":25}},"loc":{"start":{"line":14,"column":38},"end":{"line":17,"column":1}}},"1":{"name":"deepFreeze","decl":{"start":{"line":28,"column":16},"end":{"line":28,"column":26}},"loc":{"start":{"line":28,"column":36},"end":{"line":37,"column":1}}}},"branchMap":{"0":{"loc":{"start":{"line":15,"column":2},"end":{"line":15,"column":62}},"type":"if","locations":[{"start":{"line":15,"column":2},"end":{"line":15,"column":62}}]},"1":{"loc":{"start":{"line":15,"column":6},"end":{"line":15,"column":47}},"type":"binary-expr","locations":[{"start":{"line":15,"column":6},"end":{"line":15,"column":17}},{"start":{"line":15,"column":21},"end":{"line":15,"column":47}}]},"2":{"loc":{"start":{"line":33,"column":4},"end":{"line":33,"column":62}},"type":"if","locations":[{"start":{"line":33,"column":4},"end":{"line":33,"column":62}}]},"3":{"loc":{"start":{"line":33,"column":8},"end":{"line":33,"column":42}},"type":"binary-expr","locations":[{"start":{"line":33,"column":8},"end":{"line":33,"column":13}},{"start":{"line":33,"column":17},"end":{"line":33,"column":42}}]}},"s":{"0":8,"1":2,"2":6,"3":1,"4":8,"5":8,"6":16,"7":18,"8":18,"9":18,"10":6,"11":8,"12":1},"f":{"0":8,"1":8},"b":{"0":[2],"1":[8,6],"2":[6],"3":[18,18]}}
}
