TN:
SF:src/components/DelayedFallback/DelayedFallback.tsx
FN:12,(anonymous_1)
FN:19,(anonymous_2)
FNF:2
FNH:2
FNDA:3,(anonymous_1)
FNDA:1,(anonymous_2)
DA:1,1
DA:2,1
DA:12,1
DA:13,3
DA:14,3
DA:15,3
DA:16,3
DA:18,3
DA:19,3
DA:22,1
LF:10
LH:10
BRDA:14,0,0,0
BRDA:14,0,1,3
BRDA:16,1,0,1
BRDA:16,1,1,2
BRDA:19,2,0,1
BRDA:19,2,1,2
BRF:6
BRH:5
end_of_record
TN:
SF:src/hooks/useDebounce.ts
FN:13,(anonymous_0)
FN:16,(anonymous_1)
FN:17,(anonymous_2)
FN:20,(anonymous_3)
FN:21,(anonymous_4)
FNF:5
FNH:5
FNDA:7,(anonymous_0)
FNDA:7,(anonymous_1)
FNDA:7,(anonymous_2)
FNDA:4,(anonymous_3)
FNDA:2,(anonymous_4)
DA:1,1
DA:13,1
DA:14,7
DA:16,7
DA:17,7
DA:20,7
DA:21,4
DA:22,2
DA:25,4
DA:27,7
DA:30,1
LF:11
LH:11
BRF:0
BRH:0
end_of_record
TN:
SF:src/hooks/useDelayedCallback.ts
FN:13,(anonymous_0)
FN:18,(anonymous_1)
FN:19,(anonymous_2)
FN:20,(anonymous_3)
FN:23,(anonymous_4)
FNF:5
FNH:5
FNDA:6,(anonymous_0)
FNDA:4,(anonymous_1)
FNDA:2,(anonymous_2)
FNDA:4,(anonymous_3)
FNDA:4,(anonymous_4)
DA:1,2
DA:13,2
DA:16,6
DA:18,6
DA:19,4
DA:20,4
DA:23,6
DA:24,4
DA:25,6
DA:28,2
LF:10
LH:10
BRDA:24,0,0,4
BRDA:24,0,1,2
BRF:2
BRH:2
end_of_record
TN:
SF:src/utils/common.ts
FN:14,isDefined
FN:28,deepFreeze
FNF:2
FNH:2
FNDA:8,isDefined
FNDA:8,deepFreeze
DA:14,1
DA:15,8
DA:16,6
DA:28,1
DA:30,8
DA:31,18
DA:32,18
DA:33,18
DA:36,8
LF:9
LH:9
BRDA:15,0,0,2
BRDA:15,1,0,8
BRDA:15,1,1,6
BRDA:33,2,0,6
BRDA:33,3,0,18
BRDA:33,3,1,18
BRF:6
BRH:6
end_of_record
